{
  "stats": {
    "suites": 28,
    "tests": 81,
    "passes": 81,
    "pending": 0,
    "failures": 0,
    "start": "2017-10-17T12:31:39.352Z",
    "end": "2017-10-17T12:31:40.155Z",
    "duration": 803,
    "testsRegistered": 81,
    "passPercent": 100,
    "pendingPercent": 0,
    "other": 0,
    "hasOther": false,
    "skipped": 0,
    "hasSkipped": false,
    "passPercentClass": "success",
    "pendingPercentClass": "danger"
  },
  "suites": {
    "title": "",
    "suites": [
      {
        "title": "check 24 Hours tests",
        "suites": [
          {
            "title": "check whether in 24 hours",
            "suites": [],
            "tests": [
              {
                "title": "ignores assessments over 24 hours away",
                "fullTitle": "check 24 Hours tests check whether in 24 hours ignores assessments over 24 hours away",
                "timedOut": false,
                "duration": 6,
                "state": "passed",
                "speed": "fast",
                "pass": true,
                "fail": false,
                "pending": false,
                "code": "expect((0, _check24Hours2.default)($('.requestRow').first()).validate24Hours()).to.equal(false);",
                "err": {},
                "isRoot": false,
                "uuid": "4c6424e3-4263-49a8-ad1e-ee0c58ee335d",
                "parentUUID": "a249710e-f187-45c7-a657-1e7f2baf288d",
                "isHook": false,
                "skipped": false
              },
              {
                "title": "detects if an assessment is within 24 hours",
                "fullTitle": "check 24 Hours tests check whether in 24 hours detects if an assessment is within 24 hours",
                "timedOut": false,
                "duration": 3,
                "state": "passed",
                "speed": "fast",
                "pass": true,
                "fail": false,
                "pending": false,
                "code": "$('.dueDate').first().html((0, _formatDate2.default)(new Date()));\n$('.selected').first().prop('checked', true);\nexpect((0, _check24Hours2.default)($('.requestRow').first()).validate24Hours()).to.equal(true);",
                "err": {},
                "isRoot": false,
                "uuid": "43b98bba-a05b-47bd-8241-ed75fa424ef4",
                "parentUUID": "a249710e-f187-45c7-a657-1e7f2baf288d",
                "isHook": false,
                "skipped": false
              },
              {
                "title": "prompts for fsst name if necessary",
                "fullTitle": "check 24 Hours tests check whether in 24 hours prompts for fsst name if necessary",
                "timedOut": false,
                "duration": 3,
                "state": "passed",
                "speed": "fast",
                "pass": true,
                "fail": false,
                "pending": false,
                "code": "$('body').append('<input id=\"fsstInput\" value=\"Test Staff\" />');\nvar val24 = (0, _check24Hours2.default)($('.requestRow').first());\nval24.FSSTDialog(function () {});\nexpect(global.sitsDialogTitleReceived).to.equal('24hourstitle');\nexpect(global.sitsDialogMessageReceived).to.equal('24hoursmessage');\nexpect(typeof global.sitsDialogActionsReceived['Yes'] == 'function').to.be.true;\nexpect(typeof global.sitsDialogActionsReceived['No'] == 'function').to.be.true;",
                "err": {},
                "isRoot": false,
                "uuid": "f2fd153e-0b3a-4835-b76d-16db12bc193b",
                "parentUUID": "a249710e-f187-45c7-a657-1e7f2baf288d",
                "isHook": false,
                "skipped": false
              },
              {
                "title": "closes dialog if exit is chosen in staff name prompt dialog",
                "fullTitle": "check 24 Hours tests check whether in 24 hours closes dialog if exit is chosen in staff name prompt dialog",
                "timedOut": false,
                "duration": 2,
                "state": "passed",
                "speed": "fast",
                "pass": true,
                "fail": false,
                "pending": false,
                "code": "(0, _check24Hours.staffNamePromptExit)({ title: 'namePrompt' }, $('<div><input type=\"checkbox\" class=\"selected\"/></div>'));\nexpect(global.sitsDialogClosedTitle).to.equal('called');",
                "err": {},
                "isRoot": false,
                "uuid": "210bcf48-fa11-47a7-b91d-3f5bad543ddd",
                "parentUUID": "a249710e-f187-45c7-a657-1e7f2baf288d",
                "isHook": false,
                "skipped": false
              },
              {
                "title": "closes dialog if exit is chosen in staff name prompt dialog",
                "fullTitle": "check 24 Hours tests check whether in 24 hours closes dialog if exit is chosen in staff name prompt dialog",
                "timedOut": false,
                "duration": 9,
                "state": "passed",
                "speed": "fast",
                "pass": true,
                "fail": false,
                "pending": false,
                "code": "global.sitsDialogClosedTitle = null;\nvar saved = (0, _check24Hours.staffNamePromptSave)($('<div><input type=\"checkbox\" class=\"selected\"/></div>'), function () {}, { warning: function warning() {} });\nexpect(global.sitsDialogClosedTitle).to.equal('called');\nexpect(saved).to.be.true;",
                "err": {},
                "isRoot": false,
                "uuid": "1dc6d779-11dc-461c-b23e-62c8d5d86e74",
                "parentUUID": "a249710e-f187-45c7-a657-1e7f2baf288d",
                "isHook": false,
                "skipped": false
              },
              {
                "title": "display error if no fsst is input",
                "fullTitle": "check 24 Hours tests check whether in 24 hours display error if no fsst is input",
                "timedOut": false,
                "duration": 0,
                "state": "passed",
                "speed": "fast",
                "pass": true,
                "fail": false,
                "pending": false,
                "code": "$('#fsstInput').val('');\nglobal.sitsDialogClosedTitle = 'blank';\nvar saved = false;\nsaved = (0, _check24Hours.staffNamePromptSave)({ warning: function warning() {} });\nexpect(global.sitsDialogClosedTitle).to.equal('blank');\nexpect(saved).to.be.false;",
                "err": {},
                "isRoot": false,
                "uuid": "2fed8632-5cbe-43bf-a9a8-f10c4d6f0b58",
                "parentUUID": "a249710e-f187-45c7-a657-1e7f2baf288d",
                "isHook": false,
                "skipped": false
              },
              {
                "title": "closes the fsst dialog if no is selected and deselects the row",
                "fullTitle": "check 24 Hours tests check whether in 24 hours closes the fsst dialog if no is selected and deselects the row",
                "timedOut": false,
                "duration": 0,
                "state": "passed",
                "speed": "fast",
                "pass": true,
                "fail": false,
                "pending": false,
                "code": "_check24Hours.fsstDialogNoResponse;",
                "err": {},
                "isRoot": false,
                "uuid": "80123250-552f-4958-8154-af205a7ae5de",
                "parentUUID": "a249710e-f187-45c7-a657-1e7f2baf288d",
                "isHook": false,
                "skipped": false
              },
              {
                "title": "closes the fsst dialog if no is selected and deselects the row",
                "fullTitle": "check 24 Hours tests check whether in 24 hours closes the fsst dialog if no is selected and deselects the row",
                "timedOut": false,
                "duration": 3,
                "state": "passed",
                "speed": "fast",
                "pass": true,
                "fail": false,
                "pending": false,
                "code": "var row = $('.requestRow').first();\nrow.find('.selected').first().prop('checked', true);\n(0, _check24Hours.fsstDialogNoResponse)({ title: 'noresponse' }, row);\nexpect(global.sitsDialogClosedTitle).to.equal('called');\nexpect(row.find('.selected').first().prop('checked')).to.be.false;",
                "err": {},
                "isRoot": false,
                "uuid": "712b3ed8-a5e6-4ec5-ac84-109ded964740",
                "parentUUID": "a249710e-f187-45c7-a657-1e7f2baf288d",
                "isHook": false,
                "skipped": false
              },
              {
                "title": "closes the fsst dialog and calls staff name prompt",
                "fullTitle": "check 24 Hours tests check whether in 24 hours closes the fsst dialog and calls staff name prompt",
                "timedOut": false,
                "duration": 0,
                "state": "passed",
                "speed": "fast",
                "pass": true,
                "fail": false,
                "pending": false,
                "code": "var result = (0, _check24Hours.fsstDialogYesResponse)({ title: 'yesresponse' });\nexpect(global.sitsDialogClosedTitle).to.equal('called');",
                "err": {},
                "isRoot": false,
                "uuid": "8d459993-b0db-4418-8dfb-02139ab63647",
                "parentUUID": "a249710e-f187-45c7-a657-1e7f2baf288d",
                "isHook": false,
                "skipped": false
              }
            ],
            "pending": [],
            "root": false,
            "_timeout": 2000,
            "file": "\\test\\assessments\\assessments.check24Hours.test.js",
            "uuid": "a249710e-f187-45c7-a657-1e7f2baf288d",
            "beforeHooks": [],
            "afterHooks": [],
            "fullFile": "C:\\Users\\pc1091\\Workspace\\RESDNPM\\test\\assessments\\assessments.check24Hours.test.js",
            "passes": [
              {
                "title": "ignores assessments over 24 hours away",
                "fullTitle": "check 24 Hours tests check whether in 24 hours ignores assessments over 24 hours away",
                "timedOut": false,
                "duration": 6,
                "state": "passed",
                "speed": "fast",
                "pass": true,
                "fail": false,
                "pending": false,
                "code": "expect((0, _check24Hours2.default)($('.requestRow').first()).validate24Hours()).to.equal(false);",
                "err": {},
                "isRoot": false,
                "uuid": "4c6424e3-4263-49a8-ad1e-ee0c58ee335d",
                "parentUUID": "a249710e-f187-45c7-a657-1e7f2baf288d",
                "isHook": false,
                "skipped": false
              },
              {
                "title": "detects if an assessment is within 24 hours",
                "fullTitle": "check 24 Hours tests check whether in 24 hours detects if an assessment is within 24 hours",
                "timedOut": false,
                "duration": 3,
                "state": "passed",
                "speed": "fast",
                "pass": true,
                "fail": false,
                "pending": false,
                "code": "$('.dueDate').first().html((0, _formatDate2.default)(new Date()));\n$('.selected').first().prop('checked', true);\nexpect((0, _check24Hours2.default)($('.requestRow').first()).validate24Hours()).to.equal(true);",
                "err": {},
                "isRoot": false,
                "uuid": "43b98bba-a05b-47bd-8241-ed75fa424ef4",
                "parentUUID": "a249710e-f187-45c7-a657-1e7f2baf288d",
                "isHook": false,
                "skipped": false
              },
              {
                "title": "prompts for fsst name if necessary",
                "fullTitle": "check 24 Hours tests check whether in 24 hours prompts for fsst name if necessary",
                "timedOut": false,
                "duration": 3,
                "state": "passed",
                "speed": "fast",
                "pass": true,
                "fail": false,
                "pending": false,
                "code": "$('body').append('<input id=\"fsstInput\" value=\"Test Staff\" />');\nvar val24 = (0, _check24Hours2.default)($('.requestRow').first());\nval24.FSSTDialog(function () {});\nexpect(global.sitsDialogTitleReceived).to.equal('24hourstitle');\nexpect(global.sitsDialogMessageReceived).to.equal('24hoursmessage');\nexpect(typeof global.sitsDialogActionsReceived['Yes'] == 'function').to.be.true;\nexpect(typeof global.sitsDialogActionsReceived['No'] == 'function').to.be.true;",
                "err": {},
                "isRoot": false,
                "uuid": "f2fd153e-0b3a-4835-b76d-16db12bc193b",
                "parentUUID": "a249710e-f187-45c7-a657-1e7f2baf288d",
                "isHook": false,
                "skipped": false
              },
              {
                "title": "closes dialog if exit is chosen in staff name prompt dialog",
                "fullTitle": "check 24 Hours tests check whether in 24 hours closes dialog if exit is chosen in staff name prompt dialog",
                "timedOut": false,
                "duration": 2,
                "state": "passed",
                "speed": "fast",
                "pass": true,
                "fail": false,
                "pending": false,
                "code": "(0, _check24Hours.staffNamePromptExit)({ title: 'namePrompt' }, $('<div><input type=\"checkbox\" class=\"selected\"/></div>'));\nexpect(global.sitsDialogClosedTitle).to.equal('called');",
                "err": {},
                "isRoot": false,
                "uuid": "210bcf48-fa11-47a7-b91d-3f5bad543ddd",
                "parentUUID": "a249710e-f187-45c7-a657-1e7f2baf288d",
                "isHook": false,
                "skipped": false
              },
              {
                "title": "closes dialog if exit is chosen in staff name prompt dialog",
                "fullTitle": "check 24 Hours tests check whether in 24 hours closes dialog if exit is chosen in staff name prompt dialog",
                "timedOut": false,
                "duration": 9,
                "state": "passed",
                "speed": "fast",
                "pass": true,
                "fail": false,
                "pending": false,
                "code": "global.sitsDialogClosedTitle = null;\nvar saved = (0, _check24Hours.staffNamePromptSave)($('<div><input type=\"checkbox\" class=\"selected\"/></div>'), function () {}, { warning: function warning() {} });\nexpect(global.sitsDialogClosedTitle).to.equal('called');\nexpect(saved).to.be.true;",
                "err": {},
                "isRoot": false,
                "uuid": "1dc6d779-11dc-461c-b23e-62c8d5d86e74",
                "parentUUID": "a249710e-f187-45c7-a657-1e7f2baf288d",
                "isHook": false,
                "skipped": false
              },
              {
                "title": "display error if no fsst is input",
                "fullTitle": "check 24 Hours tests check whether in 24 hours display error if no fsst is input",
                "timedOut": false,
                "duration": 0,
                "state": "passed",
                "speed": "fast",
                "pass": true,
                "fail": false,
                "pending": false,
                "code": "$('#fsstInput').val('');\nglobal.sitsDialogClosedTitle = 'blank';\nvar saved = false;\nsaved = (0, _check24Hours.staffNamePromptSave)({ warning: function warning() {} });\nexpect(global.sitsDialogClosedTitle).to.equal('blank');\nexpect(saved).to.be.false;",
                "err": {},
                "isRoot": false,
                "uuid": "2fed8632-5cbe-43bf-a9a8-f10c4d6f0b58",
                "parentUUID": "a249710e-f187-45c7-a657-1e7f2baf288d",
                "isHook": false,
                "skipped": false
              },
              {
                "title": "closes the fsst dialog if no is selected and deselects the row",
                "fullTitle": "check 24 Hours tests check whether in 24 hours closes the fsst dialog if no is selected and deselects the row",
                "timedOut": false,
                "duration": 0,
                "state": "passed",
                "speed": "fast",
                "pass": true,
                "fail": false,
                "pending": false,
                "code": "_check24Hours.fsstDialogNoResponse;",
                "err": {},
                "isRoot": false,
                "uuid": "80123250-552f-4958-8154-af205a7ae5de",
                "parentUUID": "a249710e-f187-45c7-a657-1e7f2baf288d",
                "isHook": false,
                "skipped": false
              },
              {
                "title": "closes the fsst dialog if no is selected and deselects the row",
                "fullTitle": "check 24 Hours tests check whether in 24 hours closes the fsst dialog if no is selected and deselects the row",
                "timedOut": false,
                "duration": 3,
                "state": "passed",
                "speed": "fast",
                "pass": true,
                "fail": false,
                "pending": false,
                "code": "var row = $('.requestRow').first();\nrow.find('.selected').first().prop('checked', true);\n(0, _check24Hours.fsstDialogNoResponse)({ title: 'noresponse' }, row);\nexpect(global.sitsDialogClosedTitle).to.equal('called');\nexpect(row.find('.selected').first().prop('checked')).to.be.false;",
                "err": {},
                "isRoot": false,
                "uuid": "712b3ed8-a5e6-4ec5-ac84-109ded964740",
                "parentUUID": "a249710e-f187-45c7-a657-1e7f2baf288d",
                "isHook": false,
                "skipped": false
              },
              {
                "title": "closes the fsst dialog and calls staff name prompt",
                "fullTitle": "check 24 Hours tests check whether in 24 hours closes the fsst dialog and calls staff name prompt",
                "timedOut": false,
                "duration": 0,
                "state": "passed",
                "speed": "fast",
                "pass": true,
                "fail": false,
                "pending": false,
                "code": "var result = (0, _check24Hours.fsstDialogYesResponse)({ title: 'yesresponse' });\nexpect(global.sitsDialogClosedTitle).to.equal('called');",
                "err": {},
                "isRoot": false,
                "uuid": "8d459993-b0db-4418-8dfb-02139ab63647",
                "parentUUID": "a249710e-f187-45c7-a657-1e7f2baf288d",
                "isHook": false,
                "skipped": false
              }
            ],
            "failures": [],
            "skipped": [],
            "hasBeforeHooks": false,
            "hasAfterHooks": false,
            "hasTests": true,
            "hasSuites": false,
            "totalTests": 9,
            "totalPasses": 9,
            "totalFailures": 0,
            "totalPending": 0,
            "totalSkipped": 0,
            "hasPasses": true,
            "hasFailures": false,
            "hasPending": false,
            "hasSkipped": false,
            "duration": 26,
            "rootEmpty": false
          }
        ],
        "tests": [],
        "pending": [],
        "root": false,
        "_timeout": 2000,
        "file": "\\test\\assessments\\assessments.check24Hours.test.js",
        "uuid": "24db70c8-7fd8-4942-9512-3ad7209b26da",
        "beforeHooks": [
          {
            "title": "\"before all\" hook",
            "fullTitle": "check 24 Hours tests \"before all\" hook",
            "timedOut": false,
            "duration": 63,
            "pass": false,
            "fail": false,
            "pending": false,
            "code": "var dom = new JSDOM(_requestRow2.default);\n$ = require('jquery')(dom.window);\nglobal.$ = $;\n(0, _aasits_function_mocks2.default)();",
            "err": {},
            "isRoot": false,
            "uuid": "9451df57-664d-42be-8f7d-c37abf5dafde",
            "parentUUID": "24db70c8-7fd8-4942-9512-3ad7209b26da",
            "isHook": true,
            "skipped": false
          }
        ],
        "afterHooks": [],
        "fullFile": "C:\\Users\\pc1091\\Workspace\\RESDNPM\\test\\assessments\\assessments.check24Hours.test.js",
        "passes": [],
        "failures": [],
        "skipped": [],
        "hasBeforeHooks": true,
        "hasAfterHooks": false,
        "hasTests": false,
        "hasSuites": true,
        "totalTests": 0,
        "totalPasses": 0,
        "totalFailures": 0,
        "totalPending": 0,
        "totalSkipped": 0,
        "hasPasses": false,
        "hasFailures": false,
        "hasPending": false,
        "hasSkipped": false,
        "duration": 0,
        "rootEmpty": false
      },
      {
        "title": "Assessments Event handlers Tests",
        "suites": [],
        "tests": [
          {
            "title": "binds event handlers",
            "fullTitle": "Assessments Event handlers Tests binds event handlers",
            "timedOut": false,
            "duration": 4,
            "state": "passed",
            "speed": "fast",
            "pass": true,
            "fail": false,
            "pending": false,
            "code": "_eventHandlers2.default.init();\n$('input[data-continue]').prop('disabled', false);\n$('input[data-continue]').click();",
            "err": {},
            "isRoot": false,
            "uuid": "dfc8cbf2-f88c-4788-b1d0-ef9ecd9578a9",
            "parentUUID": "e6d9b0f1-fcf4-4a7a-bcb8-7605ca90726f",
            "isHook": false,
            "skipped": false
          },
          {
            "title": "returns a value on contine",
            "fullTitle": "Assessments Event handlers Tests returns a value on contine",
            "timedOut": false,
            "duration": 32,
            "state": "passed",
            "speed": "fast",
            "pass": true,
            "fail": false,
            "pending": false,
            "code": "expect(_typeof(_eventHandlers2.default.continue(dataObject))).to.equal('boolean');",
            "err": {},
            "isRoot": false,
            "uuid": "ff55af20-7b9f-40ce-b054-3a134817efa4",
            "parentUUID": "e6d9b0f1-fcf4-4a7a-bcb8-7605ca90726f",
            "isHook": false,
            "skipped": false
          },
          {
            "title": "can call the callback",
            "fullTitle": "Assessments Event handlers Tests can call the callback",
            "timedOut": false,
            "duration": 9,
            "state": "passed",
            "speed": "fast",
            "pass": true,
            "fail": false,
            "pending": false,
            "code": "var _success = false;\n_eventHandlers2.default.rowSaveCallback($('.requestRow').first(), { success: function success() {\n\t\treturn _success = true;\n\t} });\nexpect(_success).to.be.true;",
            "err": {},
            "isRoot": false,
            "uuid": "2df35f77-d660-4878-92fa-5634f1b2a5a1",
            "parentUUID": "e6d9b0f1-fcf4-4a7a-bcb8-7605ca90726f",
            "isHook": false,
            "skipped": false
          },
          {
            "title": "removes the loading animation if validation fails",
            "fullTitle": "Assessments Event handlers Tests removes the loading animation if validation fails",
            "timedOut": false,
            "duration": 4,
            "state": "passed",
            "speed": "fast",
            "pass": true,
            "fail": false,
            "pending": false,
            "code": "$('.taskType').first().val('');\nexpect(_eventHandlers2.default.continue(dataObject)).to.be.false;",
            "err": {},
            "isRoot": false,
            "uuid": "dd3b3066-21fc-4245-8b34-df387a924249",
            "parentUUID": "e6d9b0f1-fcf4-4a7a-bcb8-7605ca90726f",
            "isHook": false,
            "skipped": false
          }
        ],
        "pending": [],
        "root": false,
        "_timeout": 2000,
        "file": "\\test\\assessments\\assessments.eventHandlers.a.test.js",
        "uuid": "e6d9b0f1-fcf4-4a7a-bcb8-7605ca90726f",
        "beforeHooks": [
          {
            "title": "\"before all\" hook",
            "fullTitle": "Assessments Event handlers Tests \"before all\" hook",
            "timedOut": false,
            "duration": 20,
            "pass": false,
            "fail": false,
            "pending": false,
            "code": "var dom = new JSDOM(_requestRow2.default);\n$ = require('jquery')(dom.window);\nglobal.$ = $;\n(0, _aasits_function_mocks2.default)();",
            "err": {},
            "isRoot": false,
            "uuid": "4ab6877e-bb1f-470a-bc97-4290d3575a91",
            "parentUUID": "e6d9b0f1-fcf4-4a7a-bcb8-7605ca90726f",
            "isHook": true,
            "skipped": false
          }
        ],
        "afterHooks": [],
        "fullFile": "C:\\Users\\pc1091\\Workspace\\RESDNPM\\test\\assessments\\assessments.eventHandlers.a.test.js",
        "passes": [
          {
            "title": "binds event handlers",
            "fullTitle": "Assessments Event handlers Tests binds event handlers",
            "timedOut": false,
            "duration": 4,
            "state": "passed",
            "speed": "fast",
            "pass": true,
            "fail": false,
            "pending": false,
            "code": "_eventHandlers2.default.init();\n$('input[data-continue]').prop('disabled', false);\n$('input[data-continue]').click();",
            "err": {},
            "isRoot": false,
            "uuid": "dfc8cbf2-f88c-4788-b1d0-ef9ecd9578a9",
            "parentUUID": "e6d9b0f1-fcf4-4a7a-bcb8-7605ca90726f",
            "isHook": false,
            "skipped": false
          },
          {
            "title": "returns a value on contine",
            "fullTitle": "Assessments Event handlers Tests returns a value on contine",
            "timedOut": false,
            "duration": 32,
            "state": "passed",
            "speed": "fast",
            "pass": true,
            "fail": false,
            "pending": false,
            "code": "expect(_typeof(_eventHandlers2.default.continue(dataObject))).to.equal('boolean');",
            "err": {},
            "isRoot": false,
            "uuid": "ff55af20-7b9f-40ce-b054-3a134817efa4",
            "parentUUID": "e6d9b0f1-fcf4-4a7a-bcb8-7605ca90726f",
            "isHook": false,
            "skipped": false
          },
          {
            "title": "can call the callback",
            "fullTitle": "Assessments Event handlers Tests can call the callback",
            "timedOut": false,
            "duration": 9,
            "state": "passed",
            "speed": "fast",
            "pass": true,
            "fail": false,
            "pending": false,
            "code": "var _success = false;\n_eventHandlers2.default.rowSaveCallback($('.requestRow').first(), { success: function success() {\n\t\treturn _success = true;\n\t} });\nexpect(_success).to.be.true;",
            "err": {},
            "isRoot": false,
            "uuid": "2df35f77-d660-4878-92fa-5634f1b2a5a1",
            "parentUUID": "e6d9b0f1-fcf4-4a7a-bcb8-7605ca90726f",
            "isHook": false,
            "skipped": false
          },
          {
            "title": "removes the loading animation if validation fails",
            "fullTitle": "Assessments Event handlers Tests removes the loading animation if validation fails",
            "timedOut": false,
            "duration": 4,
            "state": "passed",
            "speed": "fast",
            "pass": true,
            "fail": false,
            "pending": false,
            "code": "$('.taskType').first().val('');\nexpect(_eventHandlers2.default.continue(dataObject)).to.be.false;",
            "err": {},
            "isRoot": false,
            "uuid": "dd3b3066-21fc-4245-8b34-df387a924249",
            "parentUUID": "e6d9b0f1-fcf4-4a7a-bcb8-7605ca90726f",
            "isHook": false,
            "skipped": false
          }
        ],
        "failures": [],
        "skipped": [],
        "hasBeforeHooks": true,
        "hasAfterHooks": false,
        "hasTests": true,
        "hasSuites": false,
        "totalTests": 4,
        "totalPasses": 4,
        "totalFailures": 0,
        "totalPending": 0,
        "totalSkipped": 0,
        "hasPasses": true,
        "hasFailures": false,
        "hasPending": false,
        "hasSkipped": false,
        "duration": 49,
        "rootEmpty": false
      },
      {
        "title": "Assessments Event handlers Tests - 24 hours branches",
        "suites": [],
        "tests": [
          {
            "title": "individual row handlers checks - not within 24 hours",
            "fullTitle": "Assessments Event handlers Tests - 24 hours branches individual row handlers checks - not within 24 hours",
            "timedOut": false,
            "duration": 27,
            "state": "passed",
            "speed": "fast",
            "pass": true,
            "fail": false,
            "pending": false,
            "code": "var result = false;\n_eventHandlers2.default.rowSaveCallback = function () {\n\tresult = true;\n};\n_eventHandlers2.default.addIndividualRowSaveHandlers();\n$('.save').first().click();\nexpect(result).to.be.true;",
            "err": {},
            "isRoot": false,
            "uuid": "c9627c98-9394-45fd-ae28-a96d9bb0c880",
            "parentUUID": "bcf6bdc2-9450-4213-a0fb-2e9a5c9ce9b3",
            "isHook": false,
            "skipped": false
          },
          {
            "title": "saves row if an fsst name is already provided",
            "fullTitle": "Assessments Event handlers Tests - 24 hours branches saves row if an fsst name is already provided",
            "timedOut": false,
            "duration": 1,
            "state": "passed",
            "speed": "fast",
            "pass": true,
            "fail": false,
            "pending": false,
            "code": "var result = false;\n$('.dueDate').first().html((0, _formatDate2.default)(new Date()));\n$('.selected').first().prop('checked', true);\nvar val24 = (0, _check24Hours2.default)($('.requestRow').first());\nexpect(val24.validate24Hours()).to.be.true;\n_eventHandlers2.default.rowSaveCallback = function () {\n\tresult = true;\n};\n$('.save').first().click();\nexpect(result).to.be.true;",
            "err": {},
            "isRoot": false,
            "uuid": "37a0463f-15d6-4c3f-9431-484dee21c7e7",
            "parentUUID": "bcf6bdc2-9450-4213-a0fb-2e9a5c9ce9b3",
            "isHook": false,
            "skipped": false
          },
          {
            "title": "individual row handlers checks in 24hrs - no fsst name provided so prompt",
            "fullTitle": "Assessments Event handlers Tests - 24 hours branches individual row handlers checks in 24hrs - no fsst name provided so prompt",
            "timedOut": false,
            "duration": 0,
            "state": "passed",
            "speed": "fast",
            "pass": true,
            "fail": false,
            "pending": false,
            "code": "$('.dueDate').first().html((0, _formatDate2.default)(new Date()));\n$('.selected').first().prop('checked', true);\n$('[data-fsstname]').first().val('');\nvar val24 = (0, _check24Hours2.default)($('.requestRow').first());\nexpect(val24.validate24Hours()).to.be.true;\n$('.save').first().click();\nexpect(global.sitsDialogTitleReceived).to.equal(global.resdDialogs.DUEIN24HOURS.title);",
            "err": {},
            "isRoot": false,
            "uuid": "e263e912-7dc8-450f-a887-99f0398d841a",
            "parentUUID": "bcf6bdc2-9450-4213-a0fb-2e9a5c9ce9b3",
            "isHook": false,
            "skipped": false
          }
        ],
        "pending": [],
        "root": false,
        "_timeout": 2000,
        "file": "\\test\\assessments\\assessments.eventHandlers.check24.test.js",
        "uuid": "bcf6bdc2-9450-4213-a0fb-2e9a5c9ce9b3",
        "beforeHooks": [
          {
            "title": "\"before all\" hook",
            "fullTitle": "Assessments Event handlers Tests - 24 hours branches \"before all\" hook",
            "timedOut": false,
            "duration": 28,
            "pass": false,
            "fail": false,
            "pending": false,
            "code": "var dom = new JSDOM(_requestRow2.default);\n$ = require('jquery')(dom.window);\nglobal.$ = $;\n(0, _aasits_function_mocks2.default)();",
            "err": {},
            "isRoot": false,
            "uuid": "91c8a3af-a687-4c8e-a6c9-a65c8f8b0dbc",
            "parentUUID": "bcf6bdc2-9450-4213-a0fb-2e9a5c9ce9b3",
            "isHook": true,
            "skipped": false
          }
        ],
        "afterHooks": [],
        "fullFile": "C:\\Users\\pc1091\\Workspace\\RESDNPM\\test\\assessments\\assessments.eventHandlers.check24.test.js",
        "passes": [
          {
            "title": "individual row handlers checks - not within 24 hours",
            "fullTitle": "Assessments Event handlers Tests - 24 hours branches individual row handlers checks - not within 24 hours",
            "timedOut": false,
            "duration": 27,
            "state": "passed",
            "speed": "fast",
            "pass": true,
            "fail": false,
            "pending": false,
            "code": "var result = false;\n_eventHandlers2.default.rowSaveCallback = function () {\n\tresult = true;\n};\n_eventHandlers2.default.addIndividualRowSaveHandlers();\n$('.save').first().click();\nexpect(result).to.be.true;",
            "err": {},
            "isRoot": false,
            "uuid": "c9627c98-9394-45fd-ae28-a96d9bb0c880",
            "parentUUID": "bcf6bdc2-9450-4213-a0fb-2e9a5c9ce9b3",
            "isHook": false,
            "skipped": false
          },
          {
            "title": "saves row if an fsst name is already provided",
            "fullTitle": "Assessments Event handlers Tests - 24 hours branches saves row if an fsst name is already provided",
            "timedOut": false,
            "duration": 1,
            "state": "passed",
            "speed": "fast",
            "pass": true,
            "fail": false,
            "pending": false,
            "code": "var result = false;\n$('.dueDate').first().html((0, _formatDate2.default)(new Date()));\n$('.selected').first().prop('checked', true);\nvar val24 = (0, _check24Hours2.default)($('.requestRow').first());\nexpect(val24.validate24Hours()).to.be.true;\n_eventHandlers2.default.rowSaveCallback = function () {\n\tresult = true;\n};\n$('.save').first().click();\nexpect(result).to.be.true;",
            "err": {},
            "isRoot": false,
            "uuid": "37a0463f-15d6-4c3f-9431-484dee21c7e7",
            "parentUUID": "bcf6bdc2-9450-4213-a0fb-2e9a5c9ce9b3",
            "isHook": false,
            "skipped": false
          },
          {
            "title": "individual row handlers checks in 24hrs - no fsst name provided so prompt",
            "fullTitle": "Assessments Event handlers Tests - 24 hours branches individual row handlers checks in 24hrs - no fsst name provided so prompt",
            "timedOut": false,
            "duration": 0,
            "state": "passed",
            "speed": "fast",
            "pass": true,
            "fail": false,
            "pending": false,
            "code": "$('.dueDate').first().html((0, _formatDate2.default)(new Date()));\n$('.selected').first().prop('checked', true);\n$('[data-fsstname]').first().val('');\nvar val24 = (0, _check24Hours2.default)($('.requestRow').first());\nexpect(val24.validate24Hours()).to.be.true;\n$('.save').first().click();\nexpect(global.sitsDialogTitleReceived).to.equal(global.resdDialogs.DUEIN24HOURS.title);",
            "err": {},
            "isRoot": false,
            "uuid": "e263e912-7dc8-450f-a887-99f0398d841a",
            "parentUUID": "bcf6bdc2-9450-4213-a0fb-2e9a5c9ce9b3",
            "isHook": false,
            "skipped": false
          }
        ],
        "failures": [],
        "skipped": [],
        "hasBeforeHooks": true,
        "hasAfterHooks": false,
        "hasTests": true,
        "hasSuites": false,
        "totalTests": 3,
        "totalPasses": 3,
        "totalFailures": 0,
        "totalPending": 0,
        "totalSkipped": 0,
        "hasPasses": true,
        "hasFailures": false,
        "hasPending": false,
        "hasSkipped": false,
        "duration": 28,
        "rootEmpty": false
      },
      {
        "title": "Assessments Event handlers Tests",
        "suites": [],
        "tests": [
          {
            "title": "doesn't validate",
            "fullTitle": "Assessments Event handlers Tests doesn't validate",
            "timedOut": false,
            "duration": 0,
            "state": "passed",
            "speed": "fast",
            "pass": true,
            "fail": false,
            "pending": false,
            "code": "_eventHandlers2.default.addIndividualRowSaveHandlers();\n$('.taskType').first().val('');\n$('.save').first().click();",
            "err": {},
            "isRoot": false,
            "uuid": "4eebe37b-33f7-4fd2-8941-e1773099c539",
            "parentUUID": "9ef6b705-2e2a-453b-8b15-0104ec8bc82e",
            "isHook": false,
            "skipped": false
          }
        ],
        "pending": [],
        "root": false,
        "_timeout": 2000,
        "file": "\\test\\assessments\\assessments.eventHandlers.invaidbranch.js",
        "uuid": "9ef6b705-2e2a-453b-8b15-0104ec8bc82e",
        "beforeHooks": [
          {
            "title": "\"before all\" hook",
            "fullTitle": "Assessments Event handlers Tests \"before all\" hook",
            "timedOut": false,
            "duration": 31,
            "pass": false,
            "fail": false,
            "pending": false,
            "code": "var dom = new JSDOM(_requestRow2.default);\n$ = require('jquery')(dom.window);\nglobal.$ = $;\n(0, _aasits_function_mocks2.default)();",
            "err": {},
            "isRoot": false,
            "uuid": "9632a9c9-efc1-4273-9275-80c3a1a8666e",
            "parentUUID": "9ef6b705-2e2a-453b-8b15-0104ec8bc82e",
            "isHook": true,
            "skipped": false
          }
        ],
        "afterHooks": [],
        "fullFile": "C:\\Users\\pc1091\\Workspace\\RESDNPM\\test\\assessments\\assessments.eventHandlers.invaidbranch.js",
        "passes": [
          {
            "title": "doesn't validate",
            "fullTitle": "Assessments Event handlers Tests doesn't validate",
            "timedOut": false,
            "duration": 0,
            "state": "passed",
            "speed": "fast",
            "pass": true,
            "fail": false,
            "pending": false,
            "code": "_eventHandlers2.default.addIndividualRowSaveHandlers();\n$('.taskType').first().val('');\n$('.save').first().click();",
            "err": {},
            "isRoot": false,
            "uuid": "4eebe37b-33f7-4fd2-8941-e1773099c539",
            "parentUUID": "9ef6b705-2e2a-453b-8b15-0104ec8bc82e",
            "isHook": false,
            "skipped": false
          }
        ],
        "failures": [],
        "skipped": [],
        "hasBeforeHooks": true,
        "hasAfterHooks": false,
        "hasTests": true,
        "hasSuites": false,
        "totalTests": 1,
        "totalPasses": 1,
        "totalFailures": 0,
        "totalPending": 0,
        "totalSkipped": 0,
        "hasPasses": true,
        "hasFailures": false,
        "hasPending": false,
        "hasSkipped": false,
        "duration": 0,
        "rootEmpty": false
      },
      {
        "title": "Assessments Validation Tests",
        "suites": [],
        "tests": [
          {
            "title": "returns false if nothing entered",
            "fullTitle": "Assessments Validation Tests returns false if nothing entered",
            "timedOut": false,
            "duration": 0,
            "state": "passed",
            "speed": "fast",
            "pass": true,
            "fail": false,
            "pending": false,
            "code": "expect((0, _validateNoEvidence2.default)()).to.be.false;\nexpect($('[data-noevidencereason]').hasClass('sv-mandatory')).to.be.true;",
            "err": {},
            "isRoot": false,
            "uuid": "c78a33aa-0554-4723-8b70-b451a2898955",
            "parentUUID": "0c4f29de-08a6-4523-8c73-2f44f8c69e23",
            "isHook": false,
            "skipped": false
          },
          {
            "title": "returns true if something entered",
            "fullTitle": "Assessments Validation Tests returns true if something entered",
            "timedOut": false,
            "duration": 0,
            "state": "passed",
            "speed": "fast",
            "pass": true,
            "fail": false,
            "pending": false,
            "code": "$('[data-noevidencereason]').val('123');\nexpect((0, _validateNoEvidence2.default)()).to.be.true;\nexpect($('[data-noevidencereason]').hasClass('sv-mandatory')).to.be.false;",
            "err": {},
            "isRoot": false,
            "uuid": "93abac41-ad39-42ca-9533-3164276ddf56",
            "parentUUID": "0c4f29de-08a6-4523-8c73-2f44f8c69e23",
            "isHook": false,
            "skipped": false
          }
        ],
        "pending": [],
        "root": false,
        "_timeout": 2000,
        "file": "\\test\\assessments\\assessments.noEvidence.test.js",
        "uuid": "0c4f29de-08a6-4523-8c73-2f44f8c69e23",
        "beforeHooks": [
          {
            "title": "\"before all\" hook",
            "fullTitle": "Assessments Validation Tests \"before all\" hook",
            "timedOut": false,
            "duration": 19,
            "pass": false,
            "fail": false,
            "pending": false,
            "code": "var dom = new JSDOM('<div><input data-noevidencereason type=\"text\"/></div>');\n$ = require('jquery')(dom.window);\nglobal.$ = $;\n(0, _aasits_function_mocks2.default)();",
            "err": {},
            "isRoot": false,
            "uuid": "0819343d-1fbf-4bc8-b8ed-e588b7490bef",
            "parentUUID": "0c4f29de-08a6-4523-8c73-2f44f8c69e23",
            "isHook": true,
            "skipped": false
          }
        ],
        "afterHooks": [],
        "fullFile": "C:\\Users\\pc1091\\Workspace\\RESDNPM\\test\\assessments\\assessments.noEvidence.test.js",
        "passes": [
          {
            "title": "returns false if nothing entered",
            "fullTitle": "Assessments Validation Tests returns false if nothing entered",
            "timedOut": false,
            "duration": 0,
            "state": "passed",
            "speed": "fast",
            "pass": true,
            "fail": false,
            "pending": false,
            "code": "expect((0, _validateNoEvidence2.default)()).to.be.false;\nexpect($('[data-noevidencereason]').hasClass('sv-mandatory')).to.be.true;",
            "err": {},
            "isRoot": false,
            "uuid": "c78a33aa-0554-4723-8b70-b451a2898955",
            "parentUUID": "0c4f29de-08a6-4523-8c73-2f44f8c69e23",
            "isHook": false,
            "skipped": false
          },
          {
            "title": "returns true if something entered",
            "fullTitle": "Assessments Validation Tests returns true if something entered",
            "timedOut": false,
            "duration": 0,
            "state": "passed",
            "speed": "fast",
            "pass": true,
            "fail": false,
            "pending": false,
            "code": "$('[data-noevidencereason]').val('123');\nexpect((0, _validateNoEvidence2.default)()).to.be.true;\nexpect($('[data-noevidencereason]').hasClass('sv-mandatory')).to.be.false;",
            "err": {},
            "isRoot": false,
            "uuid": "93abac41-ad39-42ca-9533-3164276ddf56",
            "parentUUID": "0c4f29de-08a6-4523-8c73-2f44f8c69e23",
            "isHook": false,
            "skipped": false
          }
        ],
        "failures": [],
        "skipped": [],
        "hasBeforeHooks": true,
        "hasAfterHooks": false,
        "hasTests": true,
        "hasSuites": false,
        "totalTests": 2,
        "totalPasses": 2,
        "totalFailures": 0,
        "totalPending": 0,
        "totalSkipped": 0,
        "hasPasses": true,
        "hasFailures": false,
        "hasPending": false,
        "hasSkipped": false,
        "duration": 0,
        "rootEmpty": false
      },
      {
        "title": "Assessments Validation Tests",
        "suites": [
          {
            "title": "countRows",
            "suites": [],
            "tests": [
              {
                "title": "counts rows that are checked",
                "fullTitle": "Assessments Validation Tests countRows counts rows that are checked",
                "timedOut": false,
                "duration": 12,
                "state": "passed",
                "speed": "fast",
                "pass": true,
                "fail": false,
                "pending": false,
                "code": "var result = (0, _rowsSelected.validRowsSelected)('#topLevel');\nexpect(result).to.equal(1);",
                "err": {},
                "isRoot": false,
                "uuid": "31614fea-a521-4f56-a99a-17d3d6e9ee4f",
                "parentUUID": "0b698adf-5ba7-4cf8-ac7e-96d4e4ef6b9a",
                "isHook": false,
                "skipped": false
              },
              {
                "title": "ignores counting rows with invalid save states",
                "fullTitle": "Assessments Validation Tests countRows ignores counting rows with invalid save states",
                "timedOut": false,
                "duration": 2,
                "state": "passed",
                "speed": "fast",
                "pass": true,
                "fail": false,
                "pending": false,
                "code": "$('.save').first().removeClass('sv-btn-default sv-btn-success');\nvar result = (0, _rowsSelected.validRowsSelected)('#topLevel');\nexpect(result).to.equal(0);\n$('.save').first().addClass('sv-btn-default');",
                "err": {},
                "isRoot": false,
                "uuid": "f485aa56-f15b-4b6b-b11c-fe68aac4b5d9",
                "parentUUID": "0b698adf-5ba7-4cf8-ac7e-96d4e4ef6b9a",
                "isHook": false,
                "skipped": false
              },
              {
                "title": "updates a counter",
                "fullTitle": "Assessments Validation Tests countRows updates a counter",
                "timedOut": false,
                "duration": 1,
                "state": "passed",
                "speed": "fast",
                "pass": true,
                "fail": false,
                "pending": false,
                "code": "var result = (0, _rowsSelected.urs)(0, require('../htmlTemplates/singleValidRow'));\nexpect(result).to.equal(0);",
                "err": {},
                "isRoot": false,
                "uuid": "136f88b3-9a99-4242-be5f-beba36097294",
                "parentUUID": "0b698adf-5ba7-4cf8-ac7e-96d4e4ef6b9a",
                "isHook": false,
                "skipped": false
              },
              {
                "title": "doesn't count rows that are unchecked",
                "fullTitle": "Assessments Validation Tests countRows doesn't count rows that are unchecked",
                "timedOut": false,
                "duration": 1,
                "state": "passed",
                "speed": "fast",
                "pass": true,
                "fail": false,
                "pending": false,
                "code": "$('.requestRow').first().find('.selected').prop('checked', false);\nvar result = (0, _rowsSelected.validRowsSelected)('#topLevel');\nexpect(result).to.equal(0);",
                "err": {},
                "isRoot": false,
                "uuid": "0087de69-a89f-427a-9638-f998942e06b0",
                "parentUUID": "0b698adf-5ba7-4cf8-ac7e-96d4e4ef6b9a",
                "isHook": false,
                "skipped": false
              },
              {
                "title": "doesn't count a checked row if it is invalid",
                "fullTitle": "Assessments Validation Tests countRows doesn't count a checked row if it is invalid",
                "timedOut": false,
                "duration": 7,
                "state": "passed",
                "speed": "fast",
                "pass": true,
                "fail": false,
                "pending": false,
                "code": "$('.requestRow').first().find('.selected').prop('checked', true);\n$('.requestRow').first().find('.dissertation').first().val('');\nvar result = (0, _rowsSelected.validRowsSelected)('#topLevel');\nexpect(result).to.equal(0);",
                "err": {},
                "isRoot": false,
                "uuid": "11b61cf0-c808-49c3-923e-14ab992b71f9",
                "parentUUID": "0b698adf-5ba7-4cf8-ac7e-96d4e4ef6b9a",
                "isHook": false,
                "skipped": false
              }
            ],
            "pending": [],
            "root": false,
            "_timeout": 2000,
            "file": "\\test\\assessments\\assessments.rowsSelected.spec.js",
            "uuid": "0b698adf-5ba7-4cf8-ac7e-96d4e4ef6b9a",
            "beforeHooks": [],
            "afterHooks": [],
            "fullFile": "C:\\Users\\pc1091\\Workspace\\RESDNPM\\test\\assessments\\assessments.rowsSelected.spec.js",
            "passes": [
              {
                "title": "counts rows that are checked",
                "fullTitle": "Assessments Validation Tests countRows counts rows that are checked",
                "timedOut": false,
                "duration": 12,
                "state": "passed",
                "speed": "fast",
                "pass": true,
                "fail": false,
                "pending": false,
                "code": "var result = (0, _rowsSelected.validRowsSelected)('#topLevel');\nexpect(result).to.equal(1);",
                "err": {},
                "isRoot": false,
                "uuid": "31614fea-a521-4f56-a99a-17d3d6e9ee4f",
                "parentUUID": "0b698adf-5ba7-4cf8-ac7e-96d4e4ef6b9a",
                "isHook": false,
                "skipped": false
              },
              {
                "title": "ignores counting rows with invalid save states",
                "fullTitle": "Assessments Validation Tests countRows ignores counting rows with invalid save states",
                "timedOut": false,
                "duration": 2,
                "state": "passed",
                "speed": "fast",
                "pass": true,
                "fail": false,
                "pending": false,
                "code": "$('.save').first().removeClass('sv-btn-default sv-btn-success');\nvar result = (0, _rowsSelected.validRowsSelected)('#topLevel');\nexpect(result).to.equal(0);\n$('.save').first().addClass('sv-btn-default');",
                "err": {},
                "isRoot": false,
                "uuid": "f485aa56-f15b-4b6b-b11c-fe68aac4b5d9",
                "parentUUID": "0b698adf-5ba7-4cf8-ac7e-96d4e4ef6b9a",
                "isHook": false,
                "skipped": false
              },
              {
                "title": "updates a counter",
                "fullTitle": "Assessments Validation Tests countRows updates a counter",
                "timedOut": false,
                "duration": 1,
                "state": "passed",
                "speed": "fast",
                "pass": true,
                "fail": false,
                "pending": false,
                "code": "var result = (0, _rowsSelected.urs)(0, require('../htmlTemplates/singleValidRow'));\nexpect(result).to.equal(0);",
                "err": {},
                "isRoot": false,
                "uuid": "136f88b3-9a99-4242-be5f-beba36097294",
                "parentUUID": "0b698adf-5ba7-4cf8-ac7e-96d4e4ef6b9a",
                "isHook": false,
                "skipped": false
              },
              {
                "title": "doesn't count rows that are unchecked",
                "fullTitle": "Assessments Validation Tests countRows doesn't count rows that are unchecked",
                "timedOut": false,
                "duration": 1,
                "state": "passed",
                "speed": "fast",
                "pass": true,
                "fail": false,
                "pending": false,
                "code": "$('.requestRow').first().find('.selected').prop('checked', false);\nvar result = (0, _rowsSelected.validRowsSelected)('#topLevel');\nexpect(result).to.equal(0);",
                "err": {},
                "isRoot": false,
                "uuid": "0087de69-a89f-427a-9638-f998942e06b0",
                "parentUUID": "0b698adf-5ba7-4cf8-ac7e-96d4e4ef6b9a",
                "isHook": false,
                "skipped": false
              },
              {
                "title": "doesn't count a checked row if it is invalid",
                "fullTitle": "Assessments Validation Tests countRows doesn't count a checked row if it is invalid",
                "timedOut": false,
                "duration": 7,
                "state": "passed",
                "speed": "fast",
                "pass": true,
                "fail": false,
                "pending": false,
                "code": "$('.requestRow').first().find('.selected').prop('checked', true);\n$('.requestRow').first().find('.dissertation').first().val('');\nvar result = (0, _rowsSelected.validRowsSelected)('#topLevel');\nexpect(result).to.equal(0);",
                "err": {},
                "isRoot": false,
                "uuid": "11b61cf0-c808-49c3-923e-14ab992b71f9",
                "parentUUID": "0b698adf-5ba7-4cf8-ac7e-96d4e4ef6b9a",
                "isHook": false,
                "skipped": false
              }
            ],
            "failures": [],
            "skipped": [],
            "hasBeforeHooks": false,
            "hasAfterHooks": false,
            "hasTests": true,
            "hasSuites": false,
            "totalTests": 5,
            "totalPasses": 5,
            "totalFailures": 0,
            "totalPending": 0,
            "totalSkipped": 0,
            "hasPasses": true,
            "hasFailures": false,
            "hasPending": false,
            "hasSkipped": false,
            "duration": 23,
            "rootEmpty": false
          },
          {
            "title": "updateCounters",
            "suites": [],
            "tests": [
              {
                "title": "updates the display",
                "fullTitle": "Assessments Validation Tests updateCounters updates the display",
                "timedOut": false,
                "duration": 2,
                "state": "passed",
                "speed": "fast",
                "pass": true,
                "fail": false,
                "pending": false,
                "code": "_rowsSelected2.default.updateCounters();\nexpect($('#selectedRows').html()).to.equal('0');",
                "err": {},
                "isRoot": false,
                "uuid": "9063cdb7-efb7-4085-8528-e57ffe77f83c",
                "parentUUID": "ad1c0240-1cc2-456c-b36b-3c726a2083fb",
                "isHook": false,
                "skipped": false
              },
              {
                "title": "updates the display with > 0",
                "fullTitle": "Assessments Validation Tests updateCounters updates the display with > 0",
                "timedOut": false,
                "duration": 3,
                "state": "passed",
                "speed": "fast",
                "pass": true,
                "fail": false,
                "pending": false,
                "code": "$('.requestRow').first().find('.dissertation').first().val('Y');\n_rowsSelected2.default.updateCounters();\nexpect($('#selectedRows').html()).to.equal('1');",
                "err": {},
                "isRoot": false,
                "uuid": "61eca7f3-0ced-43e3-933d-efafa12d5dac",
                "parentUUID": "ad1c0240-1cc2-456c-b36b-3c726a2083fb",
                "isHook": false,
                "skipped": false
              }
            ],
            "pending": [],
            "root": false,
            "_timeout": 2000,
            "file": "\\test\\assessments\\assessments.rowsSelected.spec.js",
            "uuid": "ad1c0240-1cc2-456c-b36b-3c726a2083fb",
            "beforeHooks": [],
            "afterHooks": [],
            "fullFile": "C:\\Users\\pc1091\\Workspace\\RESDNPM\\test\\assessments\\assessments.rowsSelected.spec.js",
            "passes": [
              {
                "title": "updates the display",
                "fullTitle": "Assessments Validation Tests updateCounters updates the display",
                "timedOut": false,
                "duration": 2,
                "state": "passed",
                "speed": "fast",
                "pass": true,
                "fail": false,
                "pending": false,
                "code": "_rowsSelected2.default.updateCounters();\nexpect($('#selectedRows').html()).to.equal('0');",
                "err": {},
                "isRoot": false,
                "uuid": "9063cdb7-efb7-4085-8528-e57ffe77f83c",
                "parentUUID": "ad1c0240-1cc2-456c-b36b-3c726a2083fb",
                "isHook": false,
                "skipped": false
              },
              {
                "title": "updates the display with > 0",
                "fullTitle": "Assessments Validation Tests updateCounters updates the display with > 0",
                "timedOut": false,
                "duration": 3,
                "state": "passed",
                "speed": "fast",
                "pass": true,
                "fail": false,
                "pending": false,
                "code": "$('.requestRow').first().find('.dissertation').first().val('Y');\n_rowsSelected2.default.updateCounters();\nexpect($('#selectedRows').html()).to.equal('1');",
                "err": {},
                "isRoot": false,
                "uuid": "61eca7f3-0ced-43e3-933d-efafa12d5dac",
                "parentUUID": "ad1c0240-1cc2-456c-b36b-3c726a2083fb",
                "isHook": false,
                "skipped": false
              }
            ],
            "failures": [],
            "skipped": [],
            "hasBeforeHooks": false,
            "hasAfterHooks": false,
            "hasTests": true,
            "hasSuites": false,
            "totalTests": 2,
            "totalPasses": 2,
            "totalFailures": 0,
            "totalPending": 0,
            "totalSkipped": 0,
            "hasPasses": true,
            "hasFailures": false,
            "hasPending": false,
            "hasSkipped": false,
            "duration": 5,
            "rootEmpty": false
          }
        ],
        "tests": [],
        "pending": [],
        "root": false,
        "_timeout": 2000,
        "file": "\\test\\assessments\\assessments.rowsSelected.spec.js",
        "uuid": "d91265e2-1745-4aea-af2e-0fdf434a18ac",
        "beforeHooks": [
          {
            "title": "\"before all\" hook",
            "fullTitle": "Assessments Validation Tests \"before all\" hook",
            "timedOut": false,
            "duration": 14,
            "pass": false,
            "fail": false,
            "pending": false,
            "code": "var dom = new JSDOM(_requestRow2.default);\n$ = require('jquery')(dom.window);\nglobal.$ = $;\n(0, _aasits_function_mocks2.default)();",
            "err": {},
            "isRoot": false,
            "uuid": "c1fbd602-c9c6-413b-abba-c88784ecdb2a",
            "parentUUID": "d91265e2-1745-4aea-af2e-0fdf434a18ac",
            "isHook": true,
            "skipped": false
          }
        ],
        "afterHooks": [],
        "fullFile": "C:\\Users\\pc1091\\Workspace\\RESDNPM\\test\\assessments\\assessments.rowsSelected.spec.js",
        "passes": [],
        "failures": [],
        "skipped": [],
        "hasBeforeHooks": true,
        "hasAfterHooks": false,
        "hasTests": false,
        "hasSuites": true,
        "totalTests": 0,
        "totalPasses": 0,
        "totalFailures": 0,
        "totalPending": 0,
        "totalSkipped": 0,
        "hasPasses": false,
        "hasFailures": false,
        "hasPending": false,
        "hasSkipped": false,
        "duration": 0,
        "rootEmpty": false
      },
      {
        "title": "Assessments Validation Tests",
        "suites": [
          {
            "title": "validate page",
            "suites": [],
            "tests": [
              {
                "title": "passes a valid page",
                "fullTitle": "Assessments Validation Tests validate page passes a valid page",
                "timedOut": false,
                "duration": 9,
                "state": "passed",
                "speed": "fast",
                "pass": true,
                "fail": false,
                "pending": false,
                "code": "expect(_validation2.default.validatePage()).to.equal(true);",
                "err": {},
                "isRoot": false,
                "uuid": "de1e4060-0dac-4751-b7d5-59c4e61499b9",
                "parentUUID": "cb55dc32-ffaa-4c14-b307-c2866f3942b6",
                "isHook": false,
                "skipped": false
              },
              {
                "title": "it warns if no rows selected",
                "fullTitle": "Assessments Validation Tests validate page it warns if no rows selected",
                "timedOut": false,
                "duration": 5,
                "state": "passed",
                "speed": "fast",
                "pass": true,
                "fail": false,
                "pending": false,
                "code": "var row = $('.requestRow').first();\nrow.find('.selected').first().prop('checked', false).change();\nvar results = [];\n_validation2.default.validatePage(false, resdErrors, { warning: function warning(a) {\n\t\t\t\treturn results.push(a);\n\t\t} });\nexpect(results.indexOf(\"NO_TASKS_SELECTED\") > -1).to.equal(true);",
                "err": {},
                "isRoot": false,
                "uuid": "544d8650-7c16-462c-86d4-56ab677b72ed",
                "parentUUID": "cb55dc32-ffaa-4c14-b307-c2866f3942b6",
                "isHook": false,
                "skipped": false
              },
              {
                "title": "fails an invalid page",
                "fullTitle": "Assessments Validation Tests validate page fails an invalid page",
                "timedOut": false,
                "duration": 12,
                "state": "passed",
                "speed": "fast",
                "pass": true,
                "fail": false,
                "pending": false,
                "code": "var row = $('.requestRow').first();\nrow.find('.taskType').first().val(\"\").keyup();\nexpect(_validation2.default.validatePage(false, resdErrors, { warning: function warning(a) {} })).to.equal(false);",
                "err": {},
                "isRoot": false,
                "uuid": "1e9f484c-0a3b-4d6c-a5bd-70e365cac73b",
                "parentUUID": "cb55dc32-ffaa-4c14-b307-c2866f3942b6",
                "isHook": false,
                "skipped": false
              },
              {
                "title": "displays an unsaved row message if the row is valid but not saved",
                "fullTitle": "Assessments Validation Tests validate page displays an unsaved row message if the row is valid but not saved",
                "timedOut": false,
                "duration": 5,
                "state": "passed",
                "speed": "fast",
                "pass": true,
                "fail": false,
                "pending": false,
                "code": "var row = $('.requestRow').first();\nrow.find('.taskType').first().val(\"1\");\nrow.find('.selected').first().prop(\"checked\", true).change();\nvar results = [];\n_validation2.default.validatePage(false, resdErrors, { warning: function warning(a) {\n\t\t\t\treturn results.push(a);\n\t\t} });\nexpect(results.indexOf(\"UNSAVED_TASK\") > -1).to.equal(true);\nexpect($('.save').first().val()).to.equal('Save Changes');",
                "err": {},
                "isRoot": false,
                "uuid": "c66886ad-dd99-44bc-af6e-15596a25e6a0",
                "parentUUID": "cb55dc32-ffaa-4c14-b307-c2866f3942b6",
                "isHook": false,
                "skipped": false
              }
            ],
            "pending": [],
            "root": false,
            "_timeout": 2000,
            "file": "\\test\\assessments\\assessments.validation.spec.js",
            "uuid": "cb55dc32-ffaa-4c14-b307-c2866f3942b6",
            "beforeHooks": [],
            "afterHooks": [],
            "fullFile": "C:\\Users\\pc1091\\Workspace\\RESDNPM\\test\\assessments\\assessments.validation.spec.js",
            "passes": [
              {
                "title": "passes a valid page",
                "fullTitle": "Assessments Validation Tests validate page passes a valid page",
                "timedOut": false,
                "duration": 9,
                "state": "passed",
                "speed": "fast",
                "pass": true,
                "fail": false,
                "pending": false,
                "code": "expect(_validation2.default.validatePage()).to.equal(true);",
                "err": {},
                "isRoot": false,
                "uuid": "de1e4060-0dac-4751-b7d5-59c4e61499b9",
                "parentUUID": "cb55dc32-ffaa-4c14-b307-c2866f3942b6",
                "isHook": false,
                "skipped": false
              },
              {
                "title": "it warns if no rows selected",
                "fullTitle": "Assessments Validation Tests validate page it warns if no rows selected",
                "timedOut": false,
                "duration": 5,
                "state": "passed",
                "speed": "fast",
                "pass": true,
                "fail": false,
                "pending": false,
                "code": "var row = $('.requestRow').first();\nrow.find('.selected').first().prop('checked', false).change();\nvar results = [];\n_validation2.default.validatePage(false, resdErrors, { warning: function warning(a) {\n\t\t\t\treturn results.push(a);\n\t\t} });\nexpect(results.indexOf(\"NO_TASKS_SELECTED\") > -1).to.equal(true);",
                "err": {},
                "isRoot": false,
                "uuid": "544d8650-7c16-462c-86d4-56ab677b72ed",
                "parentUUID": "cb55dc32-ffaa-4c14-b307-c2866f3942b6",
                "isHook": false,
                "skipped": false
              },
              {
                "title": "fails an invalid page",
                "fullTitle": "Assessments Validation Tests validate page fails an invalid page",
                "timedOut": false,
                "duration": 12,
                "state": "passed",
                "speed": "fast",
                "pass": true,
                "fail": false,
                "pending": false,
                "code": "var row = $('.requestRow').first();\nrow.find('.taskType').first().val(\"\").keyup();\nexpect(_validation2.default.validatePage(false, resdErrors, { warning: function warning(a) {} })).to.equal(false);",
                "err": {},
                "isRoot": false,
                "uuid": "1e9f484c-0a3b-4d6c-a5bd-70e365cac73b",
                "parentUUID": "cb55dc32-ffaa-4c14-b307-c2866f3942b6",
                "isHook": false,
                "skipped": false
              },
              {
                "title": "displays an unsaved row message if the row is valid but not saved",
                "fullTitle": "Assessments Validation Tests validate page displays an unsaved row message if the row is valid but not saved",
                "timedOut": false,
                "duration": 5,
                "state": "passed",
                "speed": "fast",
                "pass": true,
                "fail": false,
                "pending": false,
                "code": "var row = $('.requestRow').first();\nrow.find('.taskType').first().val(\"1\");\nrow.find('.selected').first().prop(\"checked\", true).change();\nvar results = [];\n_validation2.default.validatePage(false, resdErrors, { warning: function warning(a) {\n\t\t\t\treturn results.push(a);\n\t\t} });\nexpect(results.indexOf(\"UNSAVED_TASK\") > -1).to.equal(true);\nexpect($('.save').first().val()).to.equal('Save Changes');",
                "err": {},
                "isRoot": false,
                "uuid": "c66886ad-dd99-44bc-af6e-15596a25e6a0",
                "parentUUID": "cb55dc32-ffaa-4c14-b307-c2866f3942b6",
                "isHook": false,
                "skipped": false
              }
            ],
            "failures": [],
            "skipped": [],
            "hasBeforeHooks": false,
            "hasAfterHooks": false,
            "hasTests": true,
            "hasSuites": false,
            "totalTests": 4,
            "totalPasses": 4,
            "totalFailures": 0,
            "totalPending": 0,
            "totalSkipped": 0,
            "hasPasses": true,
            "hasFailures": false,
            "hasPending": false,
            "hasSkipped": false,
            "duration": 31,
            "rootEmpty": false
          },
          {
            "title": "testing assessment validation",
            "suites": [],
            "tests": [
              {
                "title": "fails an invalid assessment row",
                "fullTitle": "Assessments Validation Tests testing assessment validation fails an invalid assessment row",
                "timedOut": false,
                "duration": 3,
                "state": "passed",
                "speed": "fast",
                "pass": true,
                "fail": false,
                "pending": false,
                "code": "var row = $('.requestRow').first();\nrow.find('.taskType').first().val(\"\");\nvar result = _validation2.default.validateRow($('.requestRow').first());\nexpect(result).to.equal(false);",
                "err": {},
                "isRoot": false,
                "uuid": "9cf52375-07e1-4899-8a75-6746f69a3932",
                "parentUUID": "5c809729-f7c6-4954-8bd9-083d07dab3c7",
                "isHook": false,
                "skipped": false
              },
              {
                "title": "passes a valid assessment row",
                "fullTitle": "Assessments Validation Tests testing assessment validation passes a valid assessment row",
                "timedOut": false,
                "duration": 3,
                "state": "passed",
                "speed": "fast",
                "pass": true,
                "fail": false,
                "pending": false,
                "code": "var row = $('.requestRow').first();\nrow.find('.taskType').first().val(\"1\");\nvar result = _validation2.default.validateRow(row);\nexpect(result).to.equal(true);",
                "err": {},
                "isRoot": false,
                "uuid": "a19f9b99-f1ce-48bb-8f49-79d5ddeeb519",
                "parentUUID": "5c809729-f7c6-4954-8bd9-083d07dab3c7",
                "isHook": false,
                "skipped": false
              },
              {
                "title": "detects that a row is in a saved state",
                "fullTitle": "Assessments Validation Tests testing assessment validation detects that a row is in a saved state",
                "timedOut": false,
                "duration": 1,
                "state": "passed",
                "speed": "fast",
                "pass": true,
                "fail": false,
                "pending": false,
                "code": "expect(_validation2.default.saveButtonSavedState('<div><button class=\"save sv-btn sv-btn-success\"></button></div>')).to.be.true;\nexpect(_validation2.default.saveButtonSavedState('<div><button class=\"save sv-btn sv-btn-default\"></button></div>')).to.be.true;",
                "err": {},
                "isRoot": false,
                "uuid": "02d2322d-1c08-40c2-a6fe-6d3a6feab8ee",
                "parentUUID": "5c809729-f7c6-4954-8bd9-083d07dab3c7",
                "isHook": false,
                "skipped": false
              },
              {
                "title": "detects that a row is in an unsaved state",
                "fullTitle": "Assessments Validation Tests testing assessment validation detects that a row is in an unsaved state",
                "timedOut": false,
                "duration": 0,
                "state": "passed",
                "speed": "fast",
                "pass": true,
                "fail": false,
                "pending": false,
                "code": "expect(_validation2.default.saveButtonSavedState('<div><button class=\"save sv-btn sv-btn-warning\"></button></div>')).to.be.false;",
                "err": {},
                "isRoot": false,
                "uuid": "10b94f72-a37c-44cc-80fc-23fcf8d61628",
                "parentUUID": "5c809729-f7c6-4954-8bd9-083d07dab3c7",
                "isHook": false,
                "skipped": false
              },
              {
                "title": "highlights an invalid selection on page save",
                "fullTitle": "Assessments Validation Tests testing assessment validation highlights an invalid selection on page save",
                "timedOut": false,
                "duration": 8,
                "state": "passed",
                "speed": "fast",
                "pass": true,
                "fail": false,
                "pending": false,
                "code": "var row = $('.requestRow').first();\nrow.find('.taskType').first().val(\"\").keyup();\nrow.find('.selected').first().prop('checked', true);\nvar error = '';\nexpect(_validation2.default.validatePage(false, resdErrors, { warning: function warning(a) {\n\t\t\t\terror = a;\n\t\t} })).to.equal(false);\nexpect(error).to.equal('INVALID_SELECTION');",
                "err": {},
                "isRoot": false,
                "uuid": "9b3e9827-9470-476c-a694-097680af7d51",
                "parentUUID": "5c809729-f7c6-4954-8bd9-083d07dab3c7",
                "isHook": false,
                "skipped": false
              },
              {
                "title": "highlights an unsaved row on attempted page save",
                "fullTitle": "Assessments Validation Tests testing assessment validation highlights an unsaved row on attempted page save",
                "timedOut": false,
                "duration": 5,
                "state": "passed",
                "speed": "fast",
                "pass": true,
                "fail": false,
                "pending": false,
                "code": "var row = $('.requestRow').first();\nrow.find('.taskType').first().val(\"2\");\nrow.find('.selected').first().prop('checked', true);\nvar error = '';\nconsole.log($('.requestRow .sv-mandatory').attr('class'));\nexpect(_validation2.default.validatePage(false, resdErrors, { warning: function warning(a) {\n\t\t\t\terror = a;\n\t\t} })).to.equal(false);\nexpect(error).to.equal('UNSAVED_TASK');\nrow.find('.selected').first().prop('checked', false);\n$('body').append('<div class=\"requestRow removeme\"><input style=\"checkbox\" class=\"selected\" value=\"checked\" checked /></div>');\nrow.find('.save').addClass('sv-btn-warning');\n_validation2.default.validatePage(false, resdErrors, { warning: function warning(a) {\n\t\t\t\terror = a;\n\t\t} });\nexpect(error).to.equal('UNSAVED_TASK');",
                "err": {},
                "isRoot": false,
                "uuid": "9f34af2d-e149-45a7-8763-7ec1d708a115",
                "parentUUID": "5c809729-f7c6-4954-8bd9-083d07dab3c7",
                "isHook": false,
                "skipped": false
              },
              {
                "title": "only pushes one error if one of two rows is fine",
                "fullTitle": "Assessments Validation Tests testing assessment validation only pushes one error if one of two rows is fine",
                "timedOut": false,
                "duration": 1,
                "state": "passed",
                "speed": "fast",
                "pass": true,
                "fail": false,
                "pending": false,
                "code": "var row = $('.requestRow').first();\nvar errors = [];\nrow.find('.save').removeClass('sv-btn-warning');\nvar res = _validation2.default.validatePage(false, resdErrors, { warning: function warning(a) {\n\t\t\t\terrors.push(a);\n\t\t} });\nexpect(errors.length).to.equal(1);",
                "err": {},
                "isRoot": false,
                "uuid": "6a500667-0ca9-4772-b601-02602a7469ce",
                "parentUUID": "5c809729-f7c6-4954-8bd9-083d07dab3c7",
                "isHook": false,
                "skipped": false
              }
            ],
            "pending": [],
            "root": false,
            "_timeout": 2000,
            "file": "\\test\\assessments\\assessments.validation.spec.js",
            "uuid": "5c809729-f7c6-4954-8bd9-083d07dab3c7",
            "beforeHooks": [],
            "afterHooks": [],
            "fullFile": "C:\\Users\\pc1091\\Workspace\\RESDNPM\\test\\assessments\\assessments.validation.spec.js",
            "passes": [
              {
                "title": "fails an invalid assessment row",
                "fullTitle": "Assessments Validation Tests testing assessment validation fails an invalid assessment row",
                "timedOut": false,
                "duration": 3,
                "state": "passed",
                "speed": "fast",
                "pass": true,
                "fail": false,
                "pending": false,
                "code": "var row = $('.requestRow').first();\nrow.find('.taskType').first().val(\"\");\nvar result = _validation2.default.validateRow($('.requestRow').first());\nexpect(result).to.equal(false);",
                "err": {},
                "isRoot": false,
                "uuid": "9cf52375-07e1-4899-8a75-6746f69a3932",
                "parentUUID": "5c809729-f7c6-4954-8bd9-083d07dab3c7",
                "isHook": false,
                "skipped": false
              },
              {
                "title": "passes a valid assessment row",
                "fullTitle": "Assessments Validation Tests testing assessment validation passes a valid assessment row",
                "timedOut": false,
                "duration": 3,
                "state": "passed",
                "speed": "fast",
                "pass": true,
                "fail": false,
                "pending": false,
                "code": "var row = $('.requestRow').first();\nrow.find('.taskType').first().val(\"1\");\nvar result = _validation2.default.validateRow(row);\nexpect(result).to.equal(true);",
                "err": {},
                "isRoot": false,
                "uuid": "a19f9b99-f1ce-48bb-8f49-79d5ddeeb519",
                "parentUUID": "5c809729-f7c6-4954-8bd9-083d07dab3c7",
                "isHook": false,
                "skipped": false
              },
              {
                "title": "detects that a row is in a saved state",
                "fullTitle": "Assessments Validation Tests testing assessment validation detects that a row is in a saved state",
                "timedOut": false,
                "duration": 1,
                "state": "passed",
                "speed": "fast",
                "pass": true,
                "fail": false,
                "pending": false,
                "code": "expect(_validation2.default.saveButtonSavedState('<div><button class=\"save sv-btn sv-btn-success\"></button></div>')).to.be.true;\nexpect(_validation2.default.saveButtonSavedState('<div><button class=\"save sv-btn sv-btn-default\"></button></div>')).to.be.true;",
                "err": {},
                "isRoot": false,
                "uuid": "02d2322d-1c08-40c2-a6fe-6d3a6feab8ee",
                "parentUUID": "5c809729-f7c6-4954-8bd9-083d07dab3c7",
[...]
      "err": {},
      "isRoot": false,
      "uuid": "409eb91d-c9b3-4d1a-aa06-887d1ef6523c",
      "parentUUID": "a7b2d26e-116f-4bc2-aa0e-1bb4022e86bf",
      "isHook": false,
      "skipped": false
    },
    {
      "title": "makes a stage 2 date mandatory if the option is selected",
      "fullTitle": "process Validation Tests makes a stage 2 date mandatory if the option is selected",
      "timedOut": false,
      "duration": 3,
      "state": "passed",
      "speed": "fast",
      "pass": true,
      "fail": false,
      "pending": false,
      "code": "var row = $('.requestRow');\nvar stage2length = $(row).next('.stage2Row').find('[data-extensionlength]');\nvar stage2duedate = $(row).next('.stage2Row').find('[data-extensionduedate]');\nstage2length.val(0);\n(0, _validation.extensionLength)(stage2length.find('option:selected'), stage2duedate);\nexpect(stage2duedate.prop('disabled')).to.be.false;\nstage2duedate.val('01/May/2017');\n(0, _validation.extensionLength)(stage2length.find('option:selected'), stage2duedate);\nexpect(stage2duedate.prop('disabled')).to.be.false;\n_validation2.default.validatePage();\nstage2length.val('');\n(0, _validation.extensionLength)(stage2length.find('option:selected'), stage2duedate);\nexpect(stage2duedate.prop('disabled')).to.be.true;",
      "err": {},
      "isRoot": false,
      "uuid": "0d7a371c-9e70-45dd-b262-5603abf70e35",
      "parentUUID": "a7b2d26e-116f-4bc2-aa0e-1bb4022e86bf",
      "isHook": false,
      "skipped": false
    },
    {
      "title": "Updates on input",
      "fullTitle": "Characters Remaining Tests Updates on input",
      "timedOut": false,
      "duration": 0,
      "state": "passed",
      "speed": "fast",
      "pass": true,
      "fail": false,
      "pending": false,
      "code": "$('#input').text('12345');\n$('#input').keyup();\nexpect($('#output').html()).to.equal(\"5\");",
      "err": {},
      "isRoot": false,
      "uuid": "ea17f632-a5e2-4770-a475-330e4eb40202",
      "parentUUID": "674535db-0b42-49e4-a592-672d8bc76283",
      "isHook": false,
      "skipped": false
    },
    {
      "title": "doesn't allow minus figures",
      "fullTitle": "Characters Remaining Tests doesn't allow minus figures",
      "timedOut": false,
      "duration": 0,
      "state": "passed",
      "speed": "fast",
      "pass": true,
      "fail": false,
      "pending": false,
      "code": "$('#input').text('12345678910');\n$('#input').keyup();\nexpect($('#output').html()).to.equal(\"0\");",
      "err": {},
      "isRoot": false,
      "uuid": "97ddaf6f-b19b-4cb1-879d-bc2235a646b2",
      "parentUUID": "674535db-0b42-49e4-a592-672d8bc76283",
      "isHook": false,
      "skipped": false
    },
    {
      "title": "trims input",
      "fullTitle": "Characters Remaining Tests trims input",
      "timedOut": false,
      "duration": 1,
      "state": "passed",
      "speed": "fast",
      "pass": true,
      "fail": false,
      "pending": false,
      "code": "$('#input').text('123456789123345segegege10');\n$('#input').keyup();\nexpect($('#input').text()).to.equal(\"1234567891\");",
      "err": {},
      "isRoot": false,
      "uuid": "9dcb6be0-ba9a-49d5-968b-5c20cf9893d3",
      "parentUUID": "674535db-0b42-49e4-a592-672d8bc76283",
      "isHook": false,
      "skipped": false
    },
    {
      "title": "sends the message",
      "fullTitle": "Submit Form sends the message",
      "timedOut": false,
      "duration": 1,
      "state": "passed",
      "speed": "fast",
      "pass": true,
      "fail": false,
      "pending": false,
      "code": "var posted = false;\nvar actionReceived = '';\nvar dataReceived = '';\nglobal.$.post = function (action, data, callback) {\n\tactionReceived = action;\n\tdataReceived = data;\n\tcallback();\n};\n(0, _submitFormAsync2.default)(function () {\n\tposted = true;\n});\nexpect(posted).to.equal(true);\nexpect(dataReceived).to.not.equal('');\nexpect(actionReceived).to.equal('test');",
      "err": {},
      "isRoot": false,
      "uuid": "1a2581e3-ffd1-42b6-a7cc-d46fb2575b24",
      "parentUUID": "615d6800-15b2-4e59-9639-13404a59eee7",
      "isHook": false,
      "skipped": false
    },
    {
      "title": "invalidates a blank input",
      "fullTitle": "Validator Tests invalidates a blank input",
      "timedOut": false,
      "duration": 0,
      "state": "passed",
      "speed": "fast",
      "pass": true,
      "fail": false,
      "pending": false,
      "code": "_validator2.default.validateInputs([$('input').first()]);\nexpect($('input.sv-mandatory').length).to.equal(1);",
      "err": {},
      "isRoot": false,
      "uuid": "233d7262-2618-451a-8a9d-441823199a94",
      "parentUUID": "7fbabe6f-fb24-4b82-9b5e-07f265ebf026",
      "isHook": false,
      "skipped": false
    },
    {
      "title": "invalidates a whitespace input",
      "fullTitle": "Validator Tests invalidates a whitespace input",
      "timedOut": false,
      "duration": 1,
      "state": "passed",
      "speed": "fast",
      "pass": true,
      "fail": false,
      "pending": false,
      "code": "var inp = $('input').first();\ninp.val(' ');\n_validator2.default.validateInputs([inp]);\nexpect($('input.sv-mandatory').length).to.equal(1);",
      "err": {},
      "isRoot": false,
      "uuid": "d1e8e51a-d6aa-45e5-80fc-c867bf24ddd8",
      "parentUUID": "7fbabe6f-fb24-4b82-9b5e-07f265ebf026",
      "isHook": false,
      "skipped": false
    },
    {
      "title": "validates a filled in input",
      "fullTitle": "Validator Tests validates a filled in input",
      "timedOut": false,
      "duration": 1,
      "state": "passed",
      "speed": "fast",
      "pass": true,
      "fail": false,
      "pending": false,
      "code": "_validator2.default.validateInputs([$('input').first().val('yes')]);\nexpect($('input.sv-mandatory').length).to.equal(0);",
      "err": {},
      "isRoot": false,
      "uuid": "f6d89639-ac2a-43db-8bde-764048b0e4ec",
      "parentUUID": "7fbabe6f-fb24-4b82-9b5e-07f265ebf026",
      "isHook": false,
      "skipped": false
    },
    {
      "title": "invalidates a select showing \"Please select\"",
      "fullTitle": "Validator Tests invalidates a select showing \"Please select\"",
      "timedOut": false,
      "duration": 0,
      "state": "passed",
      "speed": "fast",
      "pass": true,
      "fail": false,
      "pending": false,
      "code": "_validator2.default.validateSelects([$('select option:selected').first()]);\nexpect($('select.sv-mandatory').length).to.equal(1);",
      "err": {},
      "isRoot": false,
      "uuid": "cada9df5-4c11-412f-a490-1a633d7a0ce0",
      "parentUUID": "7fbabe6f-fb24-4b82-9b5e-07f265ebf026",
      "isHook": false,
      "skipped": false
    },
    {
      "title": "validates a valid select",
      "fullTitle": "Validator Tests validates a valid select",
      "timedOut": false,
      "duration": 0,
      "state": "passed",
      "speed": "fast",
      "pass": true,
      "fail": false,
      "pending": false,
      "code": "_validator2.default.validateSelects([$('select').first().val(\"1\").find('option:selected').first()]);\nexpect($('select.sv-mandatory').length).to.equal(0);",
      "err": {},
      "isRoot": false,
      "uuid": "a814d08b-c757-4b63-8537-fbc38b53258f",
      "parentUUID": "7fbabe6f-fb24-4b82-9b5e-07f265ebf026",
      "isHook": false,
      "skipped": false
    },
    {
      "title": "marks an invalid recpicker",
      "fullTitle": "Validator Tests marks an invalid recpicker",
      "timedOut": false,
      "duration": 1,
      "state": "passed",
      "speed": "fast",
      "pass": true,
      "fail": false,
      "pending": false,
      "code": "_validator2.default.validateRecordPicker($('[data-recpicker]').first());\nexpect($('.sv-mandatory').length).to.equal(1);",
      "err": {},
      "isRoot": false,
      "uuid": "763ea417-928f-4aaa-b6f7-70c39f1406f7",
      "parentUUID": "7fbabe6f-fb24-4b82-9b5e-07f265ebf026",
      "isHook": false,
      "skipped": false
    },
    {
      "title": "validates a correct recpicker",
      "fullTitle": "Validator Tests validates a correct recpicker",
      "timedOut": false,
      "duration": 1,
      "state": "passed",
      "speed": "fast",
      "pass": true,
      "fail": false,
      "pending": false,
      "code": "var picker = $('[data-recpicker]').first();\npicker.find('input[type=\"checkbox\"]').first().prop('checked', true);\n_validator2.default.validateRecordPicker(picker);\nexpect($('.sv-mandatory').length).to.equal(0);",
      "err": {},
      "isRoot": false,
      "uuid": "523cb064-2950-466a-a71a-2fdd75eb9ddd",
      "parentUUID": "7fbabe6f-fb24-4b82-9b5e-07f265ebf026",
      "isHook": false,
      "skipped": false
    },
    {
      "title": "Binds a delete function",
      "fullTitle": "Student View Binds a delete function",
      "timedOut": false,
      "duration": 1,
      "state": "passed",
      "speed": "fast",
      "pass": true,
      "fail": false,
      "pending": false,
      "code": "_eventHandlers2.default.deleteButtonClicked();\n$('#deleteRequest').click();\nexpect(global.sitsDialogTitleReceived).to.equal('delete title');",
      "err": {},
      "isRoot": false,
      "uuid": "1dbbd761-7d62-4d37-a950-9102f2a82c75",
      "parentUUID": "bb9a9f84-d0ba-4e24-a3d5-580eed59b2ad",
      "isHook": false,
      "skipped": false
    },
    {
      "title": "Binds the open function",
      "fullTitle": "Student View Binds the open function",
      "timedOut": false,
      "duration": 1,
      "state": "passed",
      "speed": "fast",
      "pass": true,
      "fail": false,
      "pending": false,
      "code": "_eventHandlers2.default.animatedButtonClicked(['#beginNewRequest', '#openRequest']);\n$('#openRequest').click();\nexpect($('#openRequest').hasClass('progress-striped')).to.be.true;",
      "err": {},
      "isRoot": false,
      "uuid": "6c0b63fe-bbab-4133-82c2-0b0c7d566893",
      "parentUUID": "bb9a9f84-d0ba-4e24-a3d5-580eed59b2ad",
      "isHook": false,
      "skipped": false
    },
    {
      "title": "Binds the begin function",
      "fullTitle": "Student View Binds the begin function",
      "timedOut": false,
      "duration": 7,
      "state": "passed",
      "speed": "fast",
      "pass": true,
      "fail": false,
      "pending": false,
      "code": "$('#beginNewRequest').parent().show();\n$('#beginNewRequest').click();\nexpect($('#beginNewRequest').hasClass('progress-striped')).to.be.true;",
      "err": {},
      "isRoot": false,
      "uuid": "61c5ba15-c47f-4c1a-8541-0e709745247c",
      "parentUUID": "bb9a9f84-d0ba-4e24-a3d5-580eed59b2ad",
      "isHook": false,
      "skipped": false
    },
    {
      "title": "deletes a request by performing an ajax call",
      "fullTitle": "Student View deletes a request by performing an ajax call",
      "timedOut": false,
      "duration": 0,
      "state": "passed",
      "speed": "fast",
      "pass": true,
      "fail": false,
      "pending": false,
      "code": "var getsCalled = 0;\nvar hrefReceived = '';\nvar callbackCalled = false;\n$.get = function (url, callback) {\n\threfReceived = url;\n\tgetsCalled++;\n\tcallback();\n};\n(0, _deleteRequest2.default)('#deleteRequest', function () {\n\tcallbackCalled = true;\n});\nexpect($('#deleteRequest').prop('disabled')).to.equal(true);\nexpect(getsCalled).to.equal(1);\nexpect(callbackCalled).to.be.true;\nexpect(hrefReceived).to.equal('delete');\ncallbackCalled = false;\n(0, _deleteRequest2.default)('#deleteRequest', 'no callback');\nexpect(callbackCalled).to.be.false;",
      "err": {},
      "isRoot": false,
      "uuid": "ae3d694f-3108-49c2-9f6f-f8861377652b",
      "parentUUID": "bb9a9f84-d0ba-4e24-a3d5-580eed59b2ad",
      "isHook": false,
      "skipped": false
    },
    {
      "title": "refreshes data and shows if data is returned",
      "fullTitle": "Student View refreshes data and shows if data is returned",
      "timedOut": false,
      "duration": 6,
      "state": "passed",
      "speed": "fast",
      "pass": true,
      "fail": false,
      "pending": false,
      "code": "//empty table data;\n$('#openRequests tbody').html('');\nvar hrefReceived = '';\n$.get = function (href, callback) {\n\threfReceived = href;\n\tcallback('requestRow');\n};\n(0, _refreshData2.default)();\nexpect(hrefReceived).to.equal('ajaxurl');\nexpect($('#openRequests tbody').html()).to.equal('requestRow');\nexpect($('#openRequests').css('display')).to.not.equal('none');",
      "err": {},
      "isRoot": false,
      "uuid": "535d66ee-0a9b-4171-88fb-4db8d175a6f1",
      "parentUUID": "bb9a9f84-d0ba-4e24-a3d5-580eed59b2ad",
      "isHook": false,
      "skipped": false
    },
    {
      "title": "refreshes data and hides request row if none returned",
      "fullTitle": "Student View refreshes data and hides request row if none returned",
      "timedOut": false,
      "duration": 3,
      "state": "passed",
      "speed": "fast",
      "pass": true,
      "fail": false,
      "pending": false,
      "code": "//empty table data;\n$('#openRequests tbody').html('');\n$.get = function (href, callback) {\n\tcallback('noreqs');\n};\n(0, _refreshData2.default)();\nexpect($('#openRequests').css('display')).to.equal('none');",
      "err": {},
      "isRoot": false,
      "uuid": "f53f0fdd-7982-4297-893f-d7c66a817e2b",
      "parentUUID": "bb9a9f84-d0ba-4e24-a3d5-580eed59b2ad",
      "isHook": false,
      "skipped": false
    },
    {
      "title": "The uploader doesn't hide as there is still evidence that will need to be deleted",
      "fullTitle": "Summary Screen The uploader doesn't hide as there is still evidence that will need to be deleted",
      "timedOut": false,
      "duration": 11,
      "state": "passed",
      "speed": "fast",
      "pass": true,
      "fail": false,
      "pending": false,
      "code": "$('input[data-evidenceavailable]').prop('checked', true);\n(0, _evidenceMode2.default)({ warning: function warning() {} });\nexpect($('[id^=\"PLUP_uploader\"]').css('display')).to.equal('block');",
      "err": {},
      "isRoot": false,
      "uuid": "6a2e490e-1716-487d-a6a3-d715fd334e2b",
      "parentUUID": "4f6db38e-9631-46b6-8242-a26a431f1750",
      "isHook": false,
      "skipped": false
    },
    {
      "title": "Hides the uploader if the \"no  evidence available\" tick box is ticked",
      "fullTitle": "Summary Screen Hides the uploader if the \"no  evidence available\" tick box is ticked",
      "timedOut": false,
      "duration": 6,
      "state": "passed",
      "speed": "fast",
      "pass": true,
      "fail": false,
      "pending": false,
      "code": "$('input[data-evidenceavailable]').prop('checked', true);\n(0, _evidenceMode2.default)(function () {\n\texpect({}, $('[id^=\"PLUP_uploader\"]').css('display')).to.equal('none');\n});",
      "err": {},
      "isRoot": false,
      "uuid": "3da7c276-696e-4816-94e7-601117a16cff",
      "parentUUID": "9ce8d47b-11ad-4f41-b97a-57a4d3fd7c41",
      "isHook": false,
      "skipped": false
    },
    {
      "title": "Show the uploader if the reverse is true",
      "fullTitle": "Summary Screen Show the uploader if the reverse is true",
      "timedOut": false,
      "duration": 11,
      "state": "passed",
      "speed": "fast",
      "pass": true,
      "fail": false,
      "pending": false,
      "code": "$('input[data-evidenceavailable]').prop('checked', false);\n(0, _evidenceMode2.default)();\n//expect({},$('[id^=\"PLUP_uploader\"]').css('display')).to.equal('block');",
      "err": {},
      "isRoot": false,
      "uuid": "5d967afc-8171-4863-947e-d53de9c502cd",
      "parentUUID": "9ce8d47b-11ad-4f41-b97a-57a4d3fd7c41",
      "isHook": false,
      "skipped": false
    },
    {
      "title": "Show the uploader if the reverse is true async",
      "fullTitle": "Summary Screen Show the uploader if the reverse is true async",
      "timedOut": false,
      "duration": 1,
      "state": "passed",
      "speed": "fast",
      "pass": true,
      "fail": false,
      "pending": false,
      "code": "$('input[data-evidenceavailable]').prop('checked', true);\n$('input[data-evidencereason]').val('');\n(0, _evidenceMode2.default)();\n//expect($('[id^=\"PLUP_uploader\"]').css('display')).to.equal('none')",
      "err": {},
      "isRoot": false,
      "uuid": "31741793-c2d8-4ce5-9bf1-0f48869ad44f",
      "parentUUID": "9ce8d47b-11ad-4f41-b97a-57a4d3fd7c41",
      "isHook": false,
      "skipped": false
    },
    {
      "title": "validates a valid page",
      "fullTitle": "Summary Screen validates a valid page",
      "timedOut": false,
      "duration": 0,
      "state": "passed",
      "speed": "fast",
      "pass": true,
      "fail": false,
      "pending": false,
      "code": "expect(_validation2.default.validatePage()).to.be.true;",
      "err": {},
      "isRoot": false,
      "uuid": "0159c334-36e6-4954-82b6-66274df9a968",
      "parentUUID": "a0f9b67f-5b85-43db-a56c-8b0d4b0d9102",
      "isHook": false,
      "skipped": false
    },
    {
      "title": "fails a validation if summary is missing",
      "fullTitle": "Summary Screen fails a validation if summary is missing",
      "timedOut": false,
      "duration": 2,
      "state": "passed",
      "speed": "fast",
      "pass": true,
      "fail": false,
      "pending": false,
      "code": "global.staff = undefined; //remove staff override switch\n$('textarea').first().text('');\n_validation2.default.validatePage();\nexpect($('.sv-mandatory').length).to.equal(1); // :visible selector broken but",
      "err": {},
      "isRoot": false,
      "uuid": "9e9e6daa-b3f9-4163-b737-61c71f85d708",
      "parentUUID": "a0f9b67f-5b85-43db-a56c-8b0d4b0d9102",
      "isHook": false,
      "skipped": false
    },
    {
      "title": "validates a valid page",
      "fullTitle": "Summary Screen validates a valid page",
      "timedOut": false,
      "duration": 2,
      "state": "passed",
      "speed": "fast",
      "pass": true,
      "fail": false,
      "pending": false,
      "code": "expect(_validation2.default.validatePage()).to.be.true;",
      "err": {},
      "isRoot": false,
      "uuid": "c65700af-29f3-4f4e-b0b9-f44479bb12cc",
      "parentUUID": "e06c060c-6c02-4a8f-bc7b-f28347c5b957",
      "isHook": false,
      "skipped": false
    },
    {
      "title": "sets the next button to enabled  if the page is valid and nothing is uploading",
      "fullTitle": "Summary Screen sets the next button to enabled  if the page is valid and nothing is uploading",
      "timedOut": false,
      "duration": 1,
      "state": "passed",
      "speed": "fast",
      "pass": true,
      "fail": false,
      "pending": false,
      "code": "//set window pluploader to ready (mock)\nglobal.uploader = { a: { state: 1 } };\n_validation2.default.setNextButtonState();\nexpect($('input[value=\"Next\"]').prop('disabled')).to.be.false; // :visible selector broken but",
      "err": {},
      "isRoot": false,
      "uuid": "90de8e8b-d685-430b-afa5-2e3b04cceed6",
      "parentUUID": "e06c060c-6c02-4a8f-bc7b-f28347c5b957",
      "isHook": false,
      "skipped": false
    },
    {
      "title": "fails a validation if summary is missing",
      "fullTitle": "Summary Screen fails a validation if summary is missing",
      "timedOut": false,
      "duration": 2,
      "state": "passed",
      "speed": "fast",
      "pass": true,
      "fail": false,
      "pending": false,
      "code": "global.staff = undefined; //remove staff override switch\n$('textarea').first().text('');\n_validation2.default.validatePage();\nexpect($('.sv-mandatory').length).to.equal(1); // :visible selector broken but",
      "err": {},
      "isRoot": false,
      "uuid": "49f1a27a-1679-4a04-8ec4-c8a8876abe67",
      "parentUUID": "e06c060c-6c02-4a8f-bc7b-f28347c5b957",
      "isHook": false,
      "skipped": false
    }
  ],
  "allFailures": [],
  "copyrightYear": 2017
}